{"level":"info","message":"EduLearn API server running on port 3001","timestamp":"2025-11-24 15:20:42:2042"}
{"level":"info","message":"Environment: development","timestamp":"2025-11-24 15:20:42:2042"}
{"level":"info","message":"CORS enabled for: http://localhost:3000","timestamp":"2025-11-24 15:20:42:2042"}
{"error":{"message":"password authentication failed for user \"harshajustin\"","stack":"error: password authentication failed for user \"harshajustin\"\n    at /home/harsha/Documents/GitHub/EduLearn/backend/node_modules/pg-pool/index.js:45:11\n    at processTicksAndRejections (node:internal/process/task_queues:95:5)\n    at async testConnection (/home/harsha/Documents/GitHub/EduLearn/backend/src/config/db.ts:36:20)\n    at async Server.<anonymous> (/home/harsha/Documents/GitHub/EduLearn/backend/src/server.ts:97:5)"},"level":"error","message":"Database connection failed","timestamp":"2025-11-24 15:20:42:2042"}
{"error":{"message":"password authentication failed for user \"harshajustin\"","stack":"error: password authentication failed for user \"harshajustin\"\n    at /home/harsha/Documents/GitHub/EduLearn/backend/node_modules/pg-pool/index.js:45:11\n    at processTicksAndRejections (node:internal/process/task_queues:95:5)\n    at async testConnection (/home/harsha/Documents/GitHub/EduLearn/backend/src/config/db.ts:36:20)\n    at async Server.<anonymous> (/home/harsha/Documents/GitHub/EduLearn/backend/src/server.ts:97:5)"},"level":"error","message":"Database connection failed","timestamp":"2025-11-24 15:20:42:2042"}
{"level":"info","message":"EduLearn API server running on port 3001","timestamp":"2025-11-24 15:21:01:211"}
{"level":"info","message":"Environment: development","timestamp":"2025-11-24 15:21:01:211"}
{"level":"info","message":"CORS enabled for: http://localhost:3000","timestamp":"2025-11-24 15:21:01:211"}
{"error":{"message":"password authentication failed for user \"harshajustin\"","stack":"error: password authentication failed for user \"harshajustin\"\n    at /home/harsha/Documents/GitHub/EduLearn/backend/node_modules/pg-pool/index.js:45:11\n    at processTicksAndRejections (node:internal/process/task_queues:95:5)\n    at async testConnection (/home/harsha/Documents/GitHub/EduLearn/backend/src/config/db.ts:36:20)\n    at async Server.<anonymous> (/home/harsha/Documents/GitHub/EduLearn/backend/src/server.ts:97:5)"},"level":"error","message":"Database connection failed","timestamp":"2025-11-24 15:21:01:211"}
{"error":{"message":"password authentication failed for user \"harshajustin\"","stack":"error: password authentication failed for user \"harshajustin\"\n    at /home/harsha/Documents/GitHub/EduLearn/backend/node_modules/pg-pool/index.js:45:11\n    at processTicksAndRejections (node:internal/process/task_queues:95:5)\n    at async testConnection (/home/harsha/Documents/GitHub/EduLearn/backend/src/config/db.ts:36:20)\n    at async Server.<anonymous> (/home/harsha/Documents/GitHub/EduLearn/backend/src/server.ts:97:5)"},"level":"error","message":"Database connection failed","timestamp":"2025-11-24 15:21:01:211"}
{"level":"info","message":"EduLearn API server running on port 3001","timestamp":"2025-11-24 15:22:31:2231"}
{"level":"info","message":"Environment: development","timestamp":"2025-11-24 15:22:31:2231"}
{"level":"info","message":"CORS enabled for: http://localhost:3000","timestamp":"2025-11-24 15:22:31:2231"}
{"level":"info","message":"Connected to PostgreSQL database","timestamp":"2025-11-24 15:22:31:2231"}
{"level":"info","message":"Testing database connection...","timestamp":"2025-11-24 15:22:31:2231"}
{"level":"info","message":"Database connection successful","timestamp":"2025-11-24T09:52:31.947Z"}
{"level":"info","message":"Database connection successful","timestamp":"2025-11-24 15:22:31:2231"}
{"level":"info","message":"EduLearn API server running on port 3001","timestamp":"2025-11-24 15:23:30:2330"}
{"level":"info","message":"Environment: development","timestamp":"2025-11-24 15:23:30:2330"}
{"level":"info","message":"CORS enabled for: http://localhost:3000","timestamp":"2025-11-24 15:23:30:2330"}
{"level":"info","message":"Connected to PostgreSQL database","timestamp":"2025-11-24 15:23:30:2330"}
{"level":"info","message":"Testing database connection...","timestamp":"2025-11-24 15:23:30:2330"}
{"level":"info","message":"Database connection successful","timestamp":"2025-11-24T09:53:30.081Z"}
{"level":"info","message":"Database connection successful","timestamp":"2025-11-24 15:23:30:2330"}
